Code/SSOBEC/app/manifest-merger-release-report.txt
-- Merging decision tree log ---
manifest
ADDED from AndroidManifest.xml:2:1
	package
		ADDED from AndroidManifest.xml:3:5
		INJECTED from AndroidManifest.xml:0:0
		INJECTED from AndroidManifest.xml:0:0
	android:versionName
		INJECTED from AndroidManifest.xml:0:0
		INJECTED from AndroidManifest.xml:0:0
	xmlns:android
		ADDED from AndroidManifest.xml:2:11
	android:versionCode
		INJECTED from AndroidManifest.xml:0:0
		INJECTED from AndroidManifest.xml:0:0
uses-permission#android.permission.GET_ACCOUNTS
ADDED from AndroidManifest.xml:7:5
	android:name
		ADDED from AndroidManifest.xml:7:22
uses-permission#android.permission.READ_PROFILE
ADDED from AndroidManifest.xml:8:5
	android:name
		ADDED from AndroidManifest.xml:8:22
uses-permission#android.permission.READ_CONTACTS
ADDED from AndroidManifest.xml:9:5
	android:name
		ADDED from AndroidManifest.xml:9:22
uses-permission#android.permission.READ_PHONE_STATE
ADDED from AndroidManifest.xml:10:5
	android:name
		ADDED from AndroidManifest.xml:10:22
uses-permission#android.permission.INTERNET
ADDED from AndroidManifest.xml:11:5
	android:name
		ADDED from AndroidManifest.xml:11:22
uses-permission#android.permission.ACCESS_NETWORK_STATE
ADDED from AndroidManifest.xml:12:5
	android:name
		ADDED from AndroidManifest.xml:12:22
uses-permission#android.permission.ACCESS_COARSE_LOCATION
ADDED from AndroidManifest.xml:13:5
	android:name
		ADDED from AndroidManifest.xml:13:22
uses-permission#android.permission.ACCESS_FINE_LOCATION
ADDED from AndroidManifest.xml:14:5
	android:name
		ADDED from AndroidManifest.xml:14:22
uses-permission#android.permission.ACCESS_WIFI_STATE
ADDED from AndroidManifest.xml:15:5
	android:name
		ADDED from AndroidManifest.xml:15:22
uses-permission#android.permission.CHANGE_WIFI_STATE
ADDED from AndroidManifest.xml:16:5
	android:name
		ADDED from AndroidManifest.xml:16:22
uses-permission#android.permission.CHANGE_NETWORK_STATE
ADDED from AndroidManifest.xml:17:5
	android:name
		ADDED from AndroidManifest.xml:17:22
uses-permission#android.permission.WAKE_LOCK
ADDED from AndroidManifest.xml:18:5
	android:name
		ADDED from AndroidManifest.xml:18:22
uses-permission#android.permission.READ_SYNC_STATS
ADDED from AndroidManifest.xml:20:5
	android:name
		ADDED from AndroidManifest.xml:20:22
uses-permission#android.permission.WRITE_SYNC_SETTINGS
ADDED from AndroidManifest.xml:22:5
	android:name
		ADDED from AndroidManifest.xml:22:22
uses-permission#android.permission.AUTHENTICATE_ACCOUNTS
ADDED from AndroidManifest.xml:24:5
	android:name
		ADDED from AndroidManifest.xml:24:22
uses-permission#android.permission.WRITE_EXTERNAL_STORAGE
ADDED from AndroidManifest.xml:25:5
	android:maxSdkVersion
		ADDED from AndroidManifest.xml:27:9
	android:name
		ADDED from AndroidManifest.xml:26:9
uses-permission#android.permission.READ_EXTERNAL_STORAGE
ADDED from AndroidManifest.xml:29:5
	android:maxSdkVersion
		ADDED from AndroidManifest.xml:31:9
	android:name
		ADDED from AndroidManifest.xml:30:9
application
ADDED from AndroidManifest.xml:33:5
MERGED from com.android.support:appcompat-v7:21.0.3:16:5
MERGED from com.android.support:support-v4:21.0.3:16:5
MERGED from com.google.android.gms:play-services:6.5.87:20:5
MERGED from com.android.support:support-v4:21.0.3:16:5
MERGED from com.jjoe64:graphview:4.0.1:11:5
MERGED from com.android.support:support-v4:21.0.3:16:5
MERGED from com.github.blackfizz:eazegraph:1.2.2:11:5
MERGED from com.android.support:recyclerview-v7:21.0.0:17:5
MERGED from com.android.support:support-v4:21.0.3:16:5
	android:label
		ADDED from AndroidManifest.xml:36:9
	android:allowBackup
		ADDED from AndroidManifest.xml:34:9
	android:icon
		ADDED from AndroidManifest.xml:35:9
	android:theme
		ADDED from AndroidManifest.xml:38:9
	android:name
		ADDED from AndroidManifest.xml:37:9
activity#fiu.ssobec.Activity.LoginActivity
ADDED from AndroidManifest.xml:42:9
	android:screenOrientation
		ADDED from AndroidManifest.xml:45:13
	android:label
		ADDED from AndroidManifest.xml:44:13
	android:name
		ADDED from AndroidManifest.xml:43:13
activity#fiu.ssobec.Activity.SettingActivity
ADDED from AndroidManifest.xml:50:9
	android:screenOrientation
		ADDED from AndroidManifest.xml:53:13
	android:label
		ADDED from AndroidManifest.xml:52:13
	android:parentActivityName
		ADDED from AndroidManifest.xml:54:13
	android:name
		ADDED from AndroidManifest.xml:51:13
meta-data#android.support.PARENT_ACTIVITY
ADDED from AndroidManifest.xml:55:13
	android:value
		ADDED from AndroidManifest.xml:57:17
	android:name
		ADDED from AndroidManifest.xml:56:17
activity#fiu.ssobec.Activity.MyZonesActivity
ADDED from AndroidManifest.xml:62:9
	android:screenOrientation
		ADDED from AndroidManifest.xml:65:13
	android:label
		ADDED from AndroidManifest.xml:64:13
	android:name
		ADDED from AndroidManifest.xml:63:13
intent-filter#android.intent.action.MAIN+android.intent.category.LAUNCHER
ADDED from AndroidManifest.xml:66:13
action#android.intent.action.MAIN
ADDED from AndroidManifest.xml:67:17
	android:name
		ADDED from AndroidManifest.xml:67:25
category#android.intent.category.LAUNCHER
ADDED from AndroidManifest.xml:69:17
	android:name
		ADDED from AndroidManifest.xml:69:27
meta-data#com.google.android.gms.version
ADDED from AndroidManifest.xml:72:13
	android:value
		ADDED from AndroidManifest.xml:74:17
	android:name
		ADDED from AndroidManifest.xml:73:17
activity#fiu.ssobec.Activity.ZonesDescriptionActivity
ADDED from AndroidManifest.xml:79:9
	android:screenOrientation
		ADDED from AndroidManifest.xml:82:13
	android:label
		ADDED from AndroidManifest.xml:81:13
	android:parentActivityName
		ADDED from AndroidManifest.xml:83:13
	android:name
		ADDED from AndroidManifest.xml:80:13
activity#fiu.ssobec.Activity.EnergyActivity
ADDED from AndroidManifest.xml:90:9
	android:screenOrientation
		ADDED from AndroidManifest.xml:93:13
	android:label
		ADDED from AndroidManifest.xml:92:13
	android:parentActivityName
		ADDED from AndroidManifest.xml:94:13
	android:name
		ADDED from AndroidManifest.xml:91:13
service#fiu.ssobec.Synchronization.DataSync.AuthenticatorService
ADDED from AndroidManifest.xml:101:9
	android:name
		ADDED from AndroidManifest.xml:101:18
intent-filter#android.accounts.AccountAuthenticator
ADDED from AndroidManifest.xml:102:13
action#android.accounts.AccountAuthenticator
ADDED from AndroidManifest.xml:103:17
	android:name
		ADDED from AndroidManifest.xml:103:25
meta-data#android.accounts.AccountAuthenticator
ADDED from AndroidManifest.xml:106:13
	android:resource
		ADDED from AndroidManifest.xml:108:17
	android:name
		ADDED from AndroidManifest.xml:107:17
provider#fiu.ssobec.Synchronization.DataSync.StubProvider
ADDED from AndroidManifest.xml:112:9
	android:authorities
		ADDED from AndroidManifest.xml:114:13
	android:syncable
		ADDED from AndroidManifest.xml:116:13
	android:exported
		ADDED from AndroidManifest.xml:115:13
	android:name
		ADDED from AndroidManifest.xml:113:13
service#fiu.ssobec.Synchronization.SyncService
ADDED from AndroidManifest.xml:119:9
	android:process
		ADDED from AndroidManifest.xml:122:13
	android:exported
		ADDED from AndroidManifest.xml:121:13
	android:name
		ADDED from AndroidManifest.xml:120:13
intent-filter#android.content.SyncAdapter
ADDED from AndroidManifest.xml:123:13
action#android.content.SyncAdapter
ADDED from AndroidManifest.xml:124:17
	android:name
		ADDED from AndroidManifest.xml:124:25
meta-data#android.content.SyncAdapter
ADDED from AndroidManifest.xml:127:13
	android:resource
		ADDED from AndroidManifest.xml:129:17
	android:name
		ADDED from AndroidManifest.xml:128:17
activity#fiu.ssobec.Activity.CreateAccountActivity
ADDED from AndroidManifest.xml:132:9
	android:screenOrientation
		ADDED from AndroidManifest.xml:135:13
	android:label
		ADDED from AndroidManifest.xml:134:13
	android:parentActivityName
		ADDED from AndroidManifest.xml:136:13
	android:name
		ADDED from AndroidManifest.xml:133:13
activity#fiu.ssobec.Activity.ConsumptionAppliances
ADDED from AndroidManifest.xml:141:9
	android:screenOrientation
		ADDED from AndroidManifest.xml:144:13
	android:label
		ADDED from AndroidManifest.xml:143:13
	android:parentActivityName
		ADDED from AndroidManifest.xml:145:13
	android:name
		ADDED from AndroidManifest.xml:142:13
activity#fiu.ssobec.Activity.ACConsumptionPrediction
ADDED from AndroidManifest.xml:150:9
	android:screenOrientation
		ADDED from AndroidManifest.xml:153:13
	android:label
		ADDED from AndroidManifest.xml:152:13
	android:parentActivityName
		ADDED from AndroidManifest.xml:154:13
	android:name
		ADDED from AndroidManifest.xml:151:13
activity#fiu.ssobec.Activity.AddZoneActivity
ADDED from AndroidManifest.xml:159:9
	android:screenOrientation
		ADDED from AndroidManifest.xml:162:13
	android:label
		ADDED from AndroidManifest.xml:161:13
	android:parentActivityName
		ADDED from AndroidManifest.xml:163:13
	android:name
		ADDED from AndroidManifest.xml:160:13
activity#fiu.ssobec.Activity.EditZoneUsersActivity
ADDED from AndroidManifest.xml:168:9
	android:screenOrientation
		ADDED from AndroidManifest.xml:171:13
	android:label
		ADDED from AndroidManifest.xml:170:13
	android:parentActivityName
		ADDED from AndroidManifest.xml:172:13
	android:name
		ADDED from AndroidManifest.xml:169:13
activity#fiu.ssobec.Activity.CreateZoneActivity
ADDED from AndroidManifest.xml:177:9
	android:screenOrientation
		ADDED from AndroidManifest.xml:180:13
	android:label
		ADDED from AndroidManifest.xml:179:13
	android:parentActivityName
		ADDED from AndroidManifest.xml:181:13
	android:name
		ADDED from AndroidManifest.xml:178:13
activity#fiu.ssobec.Activity.MyRewardsActivity
ADDED from AndroidManifest.xml:186:9
	android:screenOrientation
		ADDED from AndroidManifest.xml:189:13
	android:label
		ADDED from AndroidManifest.xml:188:13
	android:parentActivityName
		ADDED from AndroidManifest.xml:190:13
	android:name
		ADDED from AndroidManifest.xml:187:13
activity#fiu.ssobec.Activity.WastefulRegionsActivity
ADDED from AndroidManifest.xml:195:9
	android:screenOrientation
		ADDED from AndroidManifest.xml:198:13
	android:label
		ADDED from AndroidManifest.xml:197:13
	android:parentActivityName
		ADDED from AndroidManifest.xml:199:13
	android:name
		ADDED from AndroidManifest.xml:196:13
activity#fiu.ssobec.Activity.EditZoneActivity
ADDED from AndroidManifest.xml:204:9
	android:screenOrientation
		ADDED from AndroidManifest.xml:207:13
	android:label
		ADDED from AndroidManifest.xml:206:13
	android:parentActivityName
		ADDED from AndroidManifest.xml:208:13
	android:name
		ADDED from AndroidManifest.xml:205:13
activity#fiu.ssobec.Activity.ZoneAppliancesActivity
ADDED from AndroidManifest.xml:213:9
	android:screenOrientation
		ADDED from AndroidManifest.xml:215:13
	android:parentActivityName
		ADDED from AndroidManifest.xml:216:13
	android:name
		ADDED from AndroidManifest.xml:214:13
activity#fiu.ssobec.Activity.AddUserToZoneActivity
ADDED from AndroidManifest.xml:221:9
	android:screenOrientation
		ADDED from AndroidManifest.xml:223:13
	android:label
		ADDED from AndroidManifest.xml:224:13
	android:name
		ADDED from AndroidManifest.xml:222:13
activity#fiu.ssobec.Activity.RemoveUserFromZoneActivity
ADDED from AndroidManifest.xml:229:9
	android:screenOrientation
		ADDED from AndroidManifest.xml:231:13
	android:label
		ADDED from AndroidManifest.xml:232:13
	android:name
		ADDED from AndroidManifest.xml:230:13
activity#fiu.ssobec.Activity.TurnLightOffActivity
ADDED from AndroidManifest.xml:237:9
	android:screenOrientation
		ADDED from AndroidManifest.xml:240:13
	android:label
		ADDED from AndroidManifest.xml:239:13
	android:parentActivityName
		ADDED from AndroidManifest.xml:241:13
	android:name
		ADDED from AndroidManifest.xml:238:13
activity#fiu.ssobec.Activity.TurnApplianceOffActivity
ADDED from AndroidManifest.xml:246:9
	android:screenOrientation
		ADDED from AndroidManifest.xml:249:13
	android:label
		ADDED from AndroidManifest.xml:248:13
	android:parentActivityName
		ADDED from AndroidManifest.xml:250:13
	android:name
		ADDED from AndroidManifest.xml:247:13
activity#fiu.ssobec.Activity.SendNotificationActivity
ADDED from AndroidManifest.xml:255:9
	android:screenOrientation
		ADDED from AndroidManifest.xml:258:13
	android:label
		ADDED from AndroidManifest.xml:257:13
	android:parentActivityName
		ADDED from AndroidManifest.xml:259:13
	android:name
		ADDED from AndroidManifest.xml:256:13
activity#fiu.ssobec.Activity.GetReportsActivity
ADDED from AndroidManifest.xml:264:9
	android:screenOrientation
		ADDED from AndroidManifest.xml:267:13
	android:label
		ADDED from AndroidManifest.xml:266:13
	android:parentActivityName
		ADDED from AndroidManifest.xml:268:13
	android:name
		ADDED from AndroidManifest.xml:265:13
service#fiu.ssobec.Services.IndoorLocationService
ADDED from AndroidManifest.xml:273:9
	android:name
		ADDED from AndroidManifest.xml:273:18
uses-sdk
INJECTED from AndroidManifest.xml:0:0 reason: use-sdk injection requested
MERGED from com.android.support:multidex:1.0.1:18:5
MERGED from info.hoang8f:fbutton:1.0.5:7:5
MERGED from com.android.support:appcompat-v7:21.0.3:15:5
MERGED from com.android.support:support-v4:21.0.3:15:5
MERGED from com.google.android.gms:play-services:6.5.87:18:5
MERGED from com.android.support:support-v4:21.0.3:15:5
MERGED from com.jjoe64:graphview:4.0.1:7:5
MERGED from com.android.support:support-v4:21.0.3:15:5
MERGED from com.github.blackfizz:eazegraph:1.2.2:7:5
MERGED from pl.droidsonroids.gif:android-gif-drawable:1.1.7:6:5
MERGED from com.android.support:recyclerview-v7:21.0.0:15:5
MERGED from com.android.support:support-v4:21.0.3:15:5
MERGED from com.daimajia.swipelayout:library:1.2.0:6:5
MERGED from com.android.support:multidex:1.0.1:18:5
	android:targetSdkVersion
		INJECTED from AndroidManifest.xml:0:0
		INJECTED from AndroidManifest.xml:0:0
	android:minSdkVersion
		INJECTED from AndroidManifest.xml:0:0
		INJECTED from AndroidManifest.xml:0:0
activity#android.support.v7.widget.TestActivity
ADDED from com.android.support:recyclerview-v7:21.0.0:18:9
	android:label
		ADDED from com.android.support:recyclerview-v7:21.0.0:18:19
	android:name
		ADDED from com.android.support:recyclerview-v7:21.0.0:18:60